[01m[K/home/ak/ros2_ws/turtle_shapes/src/turtle_shapes_node.cpp:[m[K In member function â€˜[01m[Kvoid TurtleShapes::draw_shapes()[m[Kâ€™:
[01m[K/home/ak/ros2_ws/turtle_shapes/src/turtle_shapes_node.cpp:35:14:[m[K [01;31m[Kerror: [m[Kâ€˜[01m[Kstep_[m[Kâ€™ was not declared in this scope
   35 |          if ([01;31m[Kstep_[m[K < 4) {
      |              [01;31m[K^~~~~[m[K
[01m[K/home/ak/ros2_ws/turtle_shapes/src/turtle_shapes_node.cpp:40:13:[m[K [01;31m[Kerror: [m[Kâ€˜[01m[Ktimer_count_[m[Kâ€™ was not declared in this scope; did you mean â€˜[01m[Ktimer_create[m[Kâ€™?
   40 |             [01;31m[Ktimer_count_[m[K++; // å¢åŠ è®¡æ—¶å™¨
      |             [01;31m[K^~~~~~~~~~~~[m[K
      |             [32m[Ktimer_create[m[K
[01m[K/home/ak/ros2_ws/turtle_shapes/src/turtle_shapes_node.cpp:52:17:[m[K [01;31m[Kerror: [m[Kâ€˜[01m[Ktimer_count_[m[Kâ€™ was not declared in this scope; did you mean â€˜[01m[Ktimer_create[m[Kâ€™?
   52 |             if ([01;31m[Ktimer_count_[m[K >= 4) { // è½¬å¼¯å¤§çº¦éœ€è¦4ä¸ª500ms
      |                 [01;31m[K^~~~~~~~~~~~[m[K
      |                 [32m[Ktimer_create[m[K
gmake[2]: *** [CMakeFiles/turtle_shapes_node.dir/build.make:76ï¼šCMakeFiles/turtle_shapes_node.dir/src/turtle_shapes_node.cpp.o] é”™è¯¯ 1
gmake[1]: *** [CMakeFiles/Makefile2:137ï¼šCMakeFiles/turtle_shapes_node.dir/all] é”™è¯¯ 2
gmake: *** [Makefile:146ï¼šall] é”™è¯¯ 2
