[0.012s] Invoking command in '/home/ak/ros2_ws/build/turtle_shapes': CMAKE_PREFIX_PATH=${CMAKE_PREFIX_PATH}:/opt/ros/humble /usr/bin/cmake --build /home/ak/ros2_ws/build/turtle_shapes -- -j4 -l4
[0.035s] [35m[1mConsolidate compiler generated dependencies of target turtle_shapes_node[0m
[0.046s] [ 50%] [32mBuilding CXX object CMakeFiles/turtle_shapes_node.dir/src/turtle_shapes_node.cpp.o[0m
[1.418s] [01m[K/home/ak/ros2_ws/turtle_shapes/src/turtle_shapes_node.cpp:[m[K In member function ‘[01m[Kvoid TurtleShapes::draw_shapes()[m[K’:
[1.418s] [01m[K/home/ak/ros2_ws/turtle_shapes/src/turtle_shapes_node.cpp:35:14:[m[K [01;31m[Kerror: [m[K‘[01m[Kstep_[m[K’ was not declared in this scope
[1.418s]    35 |          if ([01;31m[Kstep_[m[K < 4) {
[1.418s]       |              [01;31m[K^~~~~[m[K
[1.422s] [01m[K/home/ak/ros2_ws/turtle_shapes/src/turtle_shapes_node.cpp:40:13:[m[K [01;31m[Kerror: [m[K‘[01m[Ktimer_count_[m[K’ was not declared in this scope; did you mean ‘[01m[Ktimer_create[m[K’?
[1.422s]    40 |             [01;31m[Ktimer_count_[m[K++; // 增加计时器
[1.422s]       |             [01;31m[K^~~~~~~~~~~~[m[K
[1.422s]       |             [32m[Ktimer_create[m[K
[1.425s] [01m[K/home/ak/ros2_ws/turtle_shapes/src/turtle_shapes_node.cpp:52:17:[m[K [01;31m[Kerror: [m[K‘[01m[Ktimer_count_[m[K’ was not declared in this scope; did you mean ‘[01m[Ktimer_create[m[K’?
[1.425s]    52 |             if ([01;31m[Ktimer_count_[m[K >= 4) { // 转弯大约需要4个500ms
[1.425s]       |                 [01;31m[K^~~~~~~~~~~~[m[K
[1.425s]       |                 [32m[Ktimer_create[m[K
[1.922s] gmake[2]: *** [CMakeFiles/turtle_shapes_node.dir/build.make:76：CMakeFiles/turtle_shapes_node.dir/src/turtle_shapes_node.cpp.o] 错误 1
[1.922s] gmake[1]: *** [CMakeFiles/Makefile2:137：CMakeFiles/turtle_shapes_node.dir/all] 错误 2
[1.922s] gmake: *** [Makefile:146：all] 错误 2
[1.924s] Invoked command in '/home/ak/ros2_ws/build/turtle_shapes' returned '2': CMAKE_PREFIX_PATH=${CMAKE_PREFIX_PATH}:/opt/ros/humble /usr/bin/cmake --build /home/ak/ros2_ws/build/turtle_shapes -- -j4 -l4
