[0.008s] Invoking command in '/home/ak/ros2_ws/build/turtle_shapes': CMAKE_PREFIX_PATH=/opt/ros/humble /usr/bin/cmake --build /home/ak/ros2_ws/build/turtle_shapes -- -j4 -l4
[0.037s] [35m[1mConsolidate compiler generated dependencies of target my_node[0m
[0.045s] [ 50%] [32mBuilding CXX object CMakeFiles/my_node.dir/src/my_node.cpp.o[0m
[0.261s] [01m[K/home/ak/ros2_ws/src/turtle_shapes/src/my_node.cpp:5:10:[m[K [01;31m[Kfatal error: [m[Kgeometry_msgs/msg/twist.hpp: æ²¡æœ‰é‚£ä¸ªæ–‡ä»¶æˆ–ç›®å½•
[0.261s]     5 | #include [01;31m[K<geometry_msgs/msg/twist.hpp>[m[K
[0.261s]       |          [01;31m[K^~~~~~~~~~~~~~~~~~~~~~~~~~~~~[m[K
[0.261s] compilation terminated.
[0.262s] gmake[2]: *** [CMakeFiles/my_node.dir/build.make:76ï¼šCMakeFiles/my_node.dir/src/my_node.cpp.o] é”™è¯¯ 1
[0.263s] gmake[1]: *** [CMakeFiles/Makefile2:137ï¼šCMakeFiles/my_node.dir/all] é”™è¯¯ 2
[0.263s] gmake: *** [Makefile:146ï¼šall] é”™è¯¯ 2
[0.264s] Invoked command in '/home/ak/ros2_ws/build/turtle_shapes' returned '2': CMAKE_PREFIX_PATH=/opt/ros/humble /usr/bin/cmake --build /home/ak/ros2_ws/build/turtle_shapes -- -j4 -l4
