[01m[K/home/ak/ros2_ws/src/turtle_shapes/src/my_node.cpp:[m[K In function â€˜[01m[Kvoid draw_shapes()[m[Kâ€™:
[01m[K/home/ak/ros2_ws/src/turtle_shapes/src/my_node.cpp:3:24:[m[K [01;31m[Kerror: [m[Kâ€˜[01m[Kgeometry_msgs[m[Kâ€™ has not been declared
    3 |     auto turtle1_msg = [01;31m[Kgeometry_msgs[m[K::msg::Twist();
      |                        [01;31m[K^~~~~~~~~~~~~[m[K
[01m[K/home/ak/ros2_ws/src/turtle_shapes/src/my_node.cpp:4:24:[m[K [01;31m[Kerror: [m[Kâ€˜[01m[Kgeometry_msgs[m[Kâ€™ has not been declared
    4 |     auto turtle2_msg = [01;31m[Kgeometry_msgs[m[K::msg::Twist();
      |                        [01;31m[K^~~~~~~~~~~~~[m[K
[01m[K/home/ak/ros2_ws/src/turtle_shapes/src/my_node.cpp:9:5:[m[K [01;31m[Kerror: [m[Kâ€˜[01m[Kturtle1_pub_[m[Kâ€™ was not declared in this scope
    9 |     [01;31m[Kturtle1_pub_[m[K->publish(turtle1_msg);
      |     [01;31m[K^~~~~~~~~~~~[m[K
[01m[K/home/ak/ros2_ws/src/turtle_shapes/src/my_node.cpp:12:9:[m[K [01;31m[Kerror: [m[Kâ€˜[01m[Kstep_[m[Kâ€™ was not declared in this scope
   12 |     if ([01;31m[Kstep_[m[K < 8) {  // æ¯æ¡è¾¹å’Œæ¯æ¬¡è½¬å¼¯éƒ½è®¡ç®—ä¸€æ¬¡ï¼Œæ€»å…±8ä¸ªæ­¥éª¤
      |         [01;31m[K^~~~~[m[K
[01m[K/home/ak/ros2_ws/src/turtle_shapes/src/my_node.cpp:17:13:[m[K [01;31m[Kerror: [m[Kâ€˜[01m[Ktimer_count_[m[Kâ€™ was not declared in this scope
   17 |             [01;31m[Ktimer_count_[m[K++; // å¢žåŠ è®¡æ—¶å™¨
      |             [01;31m[K^~~~~~~~~~~~[m[K
[01m[K/home/ak/ros2_ws/src/turtle_shapes/src/my_node.cpp:30:13:[m[K [01;31m[Kerror: [m[Kâ€˜[01m[Ktimer_count_[m[Kâ€™ was not declared in this scope
   30 |             [01;31m[Ktimer_count_[m[K++; // å¢žåŠ è®¡æ—¶å™¨
      |             [01;31m[K^~~~~~~~~~~~[m[K
[01m[K/home/ak/ros2_ws/src/turtle_shapes/src/my_node.cpp:43:5:[m[K [01;31m[Kerror: [m[Kâ€˜[01m[Kturtle2_pub_[m[Kâ€™ was not declared in this scope
   43 |     [01;31m[Kturtle2_pub_[m[K->publish(turtle2_msg);
      |     [01;31m[K^~~~~~~~~~~~[m[K
[01m[K/home/ak/ros2_ws/src/turtle_shapes/src/my_node.cpp:[m[K At global scope:
[01m[K/home/ak/ros2_ws/src/turtle_shapes/src/my_node.cpp:47:1:[m[K [01;31m[Kerror: [m[Kâ€˜[01m[Krclcpp[m[Kâ€™ does not name a type
   47 | [01;31m[Krclcpp[m[K::Publisher<geometry_msgs::msg::Twist>::SharedPtr turtle2_pub_;
      | [01;31m[K^~~~~~[m[K
[01m[K/home/ak/ros2_ws/src/turtle_shapes/src/my_node.cpp:48:5:[m[K [01;31m[Kerror: [m[Kâ€˜[01m[Krclcpp[m[Kâ€™ does not name a type
   48 |     [01;31m[Krclcpp[m[K::TimerBase::SharedPtr timer_;
      |     [01;31m[K^~~~~~[m[K
[01m[K/home/ak/ros2_ws/src/turtle_shapes/src/my_node.cpp:51:1:[m[K [01;31m[Kerror: [m[Kexpected declaration before â€˜[01m[K}[m[Kâ€™ token
   51 | [01;31m[K}[m[K;
      | [01;31m[K^[m[K
[01m[K/home/ak/ros2_ws/src/turtle_shapes/src/my_node.cpp:[m[K In function â€˜[01m[Kint main(int, char**)[m[Kâ€™:
[01m[K/home/ak/ros2_ws/src/turtle_shapes/src/my_node.cpp:54:5:[m[K [01;31m[Kerror: [m[Kâ€˜[01m[Krclcpp[m[Kâ€™ has not been declared
   54 |     [01;31m[Krclcpp[m[K::init(argc, argv);
      |     [01;31m[K^~~~~~[m[K
[01m[K/home/ak/ros2_ws/src/turtle_shapes/src/my_node.cpp:55:22:[m[K [01;31m[Kerror: [m[Kâ€˜[01m[Kmake_shared[m[Kâ€™ is not a member of â€˜[01m[Kstd[m[Kâ€™
   55 |     auto node = std::[01;31m[Kmake_shared[m[K<TurtleSquare>();
      |                      [01;31m[K^~~~~~~~~~~[m[K
[01m[K/home/ak/ros2_ws/src/turtle_shapes/src/my_node.cpp:1:1:[m[K [01;36m[Knote: [m[Kâ€˜[01m[Kstd::make_shared[m[Kâ€™ is defined in header â€˜[01m[K<memory>[m[Kâ€™; did you forget to â€˜[01m[K#include <memory>[m[Kâ€™?
  +++ |+[32m[K#include <memory>[m[K
    1 | void draw_shapes()
[01m[K/home/ak/ros2_ws/src/turtle_shapes/src/my_node.cpp:55:34:[m[K [01;31m[Kerror: [m[Kâ€˜[01m[KTurtleSquare[m[Kâ€™ was not declared in this scope
   55 |     auto node = std::make_shared<[01;31m[KTurtleSquare[m[K>();
      |                                  [01;31m[K^~~~~~~~~~~~[m[K
[01m[K/home/ak/ros2_ws/src/turtle_shapes/src/my_node.cpp:55:48:[m[K [01;31m[Kerror: [m[Kexpected primary-expression before â€˜[01m[K)[m[Kâ€™ token
   55 |     auto node = std::make_shared<TurtleSquare>([01;31m[K)[m[K;
      |                                                [01;31m[K^[m[K
[01m[K/home/ak/ros2_ws/src/turtle_shapes/src/my_node.cpp:56:5:[m[K [01;31m[Kerror: [m[Kâ€˜[01m[Krclcpp[m[Kâ€™ has not been declared
   56 |     [01;31m[Krclcpp[m[K::spin(node);
      |     [01;31m[K^~~~~~[m[K
[01m[K/home/ak/ros2_ws/src/turtle_shapes/src/my_node.cpp:57:5:[m[K [01;31m[Kerror: [m[Kâ€˜[01m[Krclcpp[m[Kâ€™ has not been declared
   57 |     [01;31m[Krclcpp[m[K::shutdown();
      |     [01;31m[K^~~~~~[m[K
gmake[2]: *** [CMakeFiles/my_node.dir/build.make:76ï¼šCMakeFiles/my_node.dir/src/my_node.cpp.o] é”™è¯¯ 1
gmake[1]: *** [CMakeFiles/Makefile2:137ï¼šCMakeFiles/my_node.dir/all] é”™è¯¯ 2
gmake: *** [Makefile:146ï¼šall] é”™è¯¯ 2
