[01m[K/home/ak/ros2_ws/src/turtle_shapes/src/my_node.cpp:[m[K In function ‘[01m[Kvoid draw_shapes()[m[K’:
[01m[K/home/ak/ros2_ws/src/turtle_shapes/src/my_node.cpp:3:24:[m[K [01;31m[Kerror: [m[K‘[01m[Kgeometry_msgs[m[K’ has not been declared
    3 |     auto turtle1_msg = [01;31m[Kgeometry_msgs[m[K::msg::Twist();
      |                        [01;31m[K^~~~~~~~~~~~~[m[K
[01m[K/home/ak/ros2_ws/src/turtle_shapes/src/my_node.cpp:4:24:[m[K [01;31m[Kerror: [m[K‘[01m[Kgeometry_msgs[m[K’ has not been declared
    4 |     auto turtle2_msg = [01;31m[Kgeometry_msgs[m[K::msg::Twist();
      |                        [01;31m[K^~~~~~~~~~~~~[m[K
[01m[K/home/ak/ros2_ws/src/turtle_shapes/src/my_node.cpp:9:5:[m[K [01;31m[Kerror: [m[K‘[01m[Kturtle1_pub_[m[K’ was not declared in this scope
    9 |     [01;31m[Kturtle1_pub_[m[K->publish(turtle1_msg);
      |     [01;31m[K^~~~~~~~~~~~[m[K
[01m[K/home/ak/ros2_ws/src/turtle_shapes/src/my_node.cpp:12:9:[m[K [01;31m[Kerror: [m[K‘[01m[Kstep_[m[K’ was not declared in this scope
   12 |     if ([01;31m[Kstep_[m[K < 8) {  // 每条边和每次转弯都计算一次，总共8个步骤
      |         [01;31m[K^~~~~[m[K
[01m[K/home/ak/ros2_ws/src/turtle_shapes/src/my_node.cpp:17:13:[m[K [01;31m[Kerror: [m[K‘[01m[Ktimer_count_[m[K’ was not declared in this scope
   17 |             [01;31m[Ktimer_count_[m[K++; // 增加计时器
      |             [01;31m[K^~~~~~~~~~~~[m[K
[01m[K/home/ak/ros2_ws/src/turtle_shapes/src/my_node.cpp:30:13:[m[K [01;31m[Kerror: [m[K‘[01m[Ktimer_count_[m[K’ was not declared in this scope
   30 |             [01;31m[Ktimer_count_[m[K++; // 增加计时器
      |             [01;31m[K^~~~~~~~~~~~[m[K
[01m[K/home/ak/ros2_ws/src/turtle_shapes/src/my_node.cpp:43:5:[m[K [01;31m[Kerror: [m[K‘[01m[Kturtle2_pub_[m[K’ was not declared in this scope
   43 |     [01;31m[Kturtle2_pub_[m[K->publish(turtle2_msg);
      |     [01;31m[K^~~~~~~~~~~~[m[K
[01m[K/home/ak/ros2_ws/src/turtle_shapes/src/my_node.cpp:[m[K At global scope:
[01m[K/home/ak/ros2_ws/src/turtle_shapes/src/my_node.cpp:47:1:[m[K [01;31m[Kerror: [m[K‘[01m[Krclcpp[m[K’ does not name a type
   47 | [01;31m[Krclcpp[m[K::Publisher<geometry_msgs::msg::Twist>::SharedPtr turtle2_pub_;
      | [01;31m[K^~~~~~[m[K
[01m[K/home/ak/ros2_ws/src/turtle_shapes/src/my_node.cpp:48:5:[m[K [01;31m[Kerror: [m[K‘[01m[Krclcpp[m[K’ does not name a type
   48 |     [01;31m[Krclcpp[m[K::TimerBase::SharedPtr timer_;
      |     [01;31m[K^~~~~~[m[K
[01m[K/home/ak/ros2_ws/src/turtle_shapes/src/my_node.cpp:51:1:[m[K [01;31m[Kerror: [m[Kexpected declaration before ‘[01m[K}[m[K’ token
   51 | [01;31m[K}[m[K;
      | [01;31m[K^[m[K
[01m[K/home/ak/ros2_ws/src/turtle_shapes/src/my_node.cpp:[m[K In function ‘[01m[Kint main(int, char**)[m[K’:
[01m[K/home/ak/ros2_ws/src/turtle_shapes/src/my_node.cpp:54:5:[m[K [01;31m[Kerror: [m[K‘[01m[Krclcpp[m[K’ has not been declared
   54 |     [01;31m[Krclcpp[m[K::init(argc, argv);
      |     [01;31m[K^~~~~~[m[K
[01m[K/home/ak/ros2_ws/src/turtle_shapes/src/my_node.cpp:55:22:[m[K [01;31m[Kerror: [m[K‘[01m[Kmake_shared[m[K’ is not a member of ‘[01m[Kstd[m[K’
   55 |     auto node = std::[01;31m[Kmake_shared[m[K<TurtleSquare>();
      |                      [01;31m[K^~~~~~~~~~~[m[K
[01m[K/home/ak/ros2_ws/src/turtle_shapes/src/my_node.cpp:1:1:[m[K [01;36m[Knote: [m[K‘[01m[Kstd::make_shared[m[K’ is defined in header ‘[01m[K<memory>[m[K’; did you forget to ‘[01m[K#include <memory>[m[K’?
  +++ |+[32m[K#include <memory>[m[K
    1 | void draw_shapes()
[01m[K/home/ak/ros2_ws/src/turtle_shapes/src/my_node.cpp:55:34:[m[K [01;31m[Kerror: [m[K‘[01m[KTurtleSquare[m[K’ was not declared in this scope
   55 |     auto node = std::make_shared<[01;31m[KTurtleSquare[m[K>();
      |                                  [01;31m[K^~~~~~~~~~~~[m[K
[01m[K/home/ak/ros2_ws/src/turtle_shapes/src/my_node.cpp:55:48:[m[K [01;31m[Kerror: [m[Kexpected primary-expression before ‘[01m[K)[m[K’ token
   55 |     auto node = std::make_shared<TurtleSquare>([01;31m[K)[m[K;
      |                                                [01;31m[K^[m[K
[01m[K/home/ak/ros2_ws/src/turtle_shapes/src/my_node.cpp:56:5:[m[K [01;31m[Kerror: [m[K‘[01m[Krclcpp[m[K’ has not been declared
   56 |     [01;31m[Krclcpp[m[K::spin(node);
      |     [01;31m[K^~~~~~[m[K
[01m[K/home/ak/ros2_ws/src/turtle_shapes/src/my_node.cpp:57:5:[m[K [01;31m[Kerror: [m[K‘[01m[Krclcpp[m[K’ has not been declared
   57 |     [01;31m[Krclcpp[m[K::shutdown();
      |     [01;31m[K^~~~~~[m[K
gmake[2]: *** [CMakeFiles/my_node.dir/build.make:76：CMakeFiles/my_node.dir/src/my_node.cpp.o] 错误 1
gmake[1]: *** [CMakeFiles/Makefile2:137：CMakeFiles/my_node.dir/all] 错误 2
gmake: *** [Makefile:146：all] 错误 2
