In file included from [01m[K/usr/include/c++/11/cmath:45[m[K,
                 from [01m[K/home/ak/ros2_ws/src/turtle_shapes/src/my_node.cpp:2[m[K:
[01m[K/home/ak/ros2_ws/src/turtle_shapes/src/my_node.cpp:77:15:[m[K [01;31m[Kerror: [m[Kexpected â€˜[01m[K;[m[Kâ€™ at end of member declaration
   77 |     double pi=[01;31m[KM_PI[m[K
      |               [01;31m[K^~~~[m[K
gmake[2]: *** [CMakeFiles/my_node.dir/build.make:76ï¼šCMakeFiles/my_node.dir/src/my_node.cpp.o] é”™è¯¯ 1
gmake[1]: *** [CMakeFiles/Makefile2:137ï¼šCMakeFiles/my_node.dir/all] é”™è¯¯ 2
gmake: *** [Makefile:146ï¼šall] é”™è¯¯ 2
