[0.007s] Invoking command in '/home/ak/ros2_ws/build/turtle_shapes': CMAKE_PREFIX_PATH=${CMAKE_PREFIX_PATH}:/opt/ros/humble /usr/bin/cmake --build /home/ak/ros2_ws/build/turtle_shapes -- -j4 -l4
[0.036s] [35m[1mConsolidate compiler generated dependencies of target my_node[0m
[0.048s] [ 50%] [32mBuilding CXX object CMakeFiles/my_node.dir/src/my_node.cpp.o[0m
[1.484s] In file included from [01m[K/usr/include/c++/11/cmath:45[m[K,
[1.484s]                  from [01m[K/home/ak/ros2_ws/src/turtle_shapes/src/my_node.cpp:2[m[K:
[1.485s] [01m[K/home/ak/ros2_ws/src/turtle_shapes/src/my_node.cpp:77:15:[m[K [01;31m[Kerror: [m[Kexpected â€˜[01m[K;[m[Kâ€™ at end of member declaration
[1.485s]    77 |     double pi=[01;31m[KM_PI[m[K
[1.485s]       |               [01;31m[K^~~~[m[K
[2.038s] gmake[2]: *** [CMakeFiles/my_node.dir/build.make:76ï¼šCMakeFiles/my_node.dir/src/my_node.cpp.o] é”™è¯¯ 1
[2.038s] gmake[1]: *** [CMakeFiles/Makefile2:137ï¼šCMakeFiles/my_node.dir/all] é”™è¯¯ 2
[2.038s] gmake: *** [Makefile:146ï¼šall] é”™è¯¯ 2
[2.040s] Invoked command in '/home/ak/ros2_ws/build/turtle_shapes' returned '2': CMAKE_PREFIX_PATH=${CMAKE_PREFIX_PATH}:/opt/ros/humble /usr/bin/cmake --build /home/ak/ros2_ws/build/turtle_shapes -- -j4 -l4
